<?xml version="1.0" encoding="UTF-8"?>
<testng-results skipped="0" failed="0" ignored="0" total="1" passed="1">
  <reporter-output>
  </reporter-output>
  <suite name="Default suite" duration-ms="242" started-at="2020-06-10T14:56:21 IST" finished-at="2020-06-10T14:56:21 IST">
    <groups>
    </groups>
    <test name="Default test" duration-ms="242" started-at="2020-06-10T14:56:21 IST" finished-at="2020-06-10T14:56:21 IST">
      <class name="testNg.NewTest">
        <test-method status="PASS" signature="beforeSuite()[pri:0, instance:testNg.NewTest@61f8bee4]" name="beforeSuite" is-config="true" duration-ms="40" started-at="2020-06-10T14:56:21 IST" finished-at="2020-06-10T14:56:21 IST">
          <reporter-output>
          </reporter-output>
        </test-method> <!-- beforeSuite -->
        <test-method status="PASS" signature="beforeTest()[pri:0, instance:testNg.NewTest@61f8bee4]" name="beforeTest" is-config="true" duration-ms="4" started-at="2020-06-10T14:56:21 IST" finished-at="2020-06-10T14:56:21 IST">
          <reporter-output>
          </reporter-output>
        </test-method> <!-- beforeTest -->
        <test-method status="PASS" signature="beforeClass()[pri:0, instance:testNg.NewTest@61f8bee4]" name="beforeClass" is-config="true" duration-ms="2" started-at="2020-06-10T14:56:21 IST" finished-at="2020-06-10T14:56:21 IST">
          <reporter-output>
          </reporter-output>
        </test-method> <!-- beforeClass -->
        <test-method status="PASS" signature="beforeMethod()[pri:0, instance:testNg.NewTest@61f8bee4]" name="beforeMethod" is-config="true" duration-ms="1" started-at="2020-06-10T14:56:21 IST" finished-at="2020-06-10T14:56:21 IST">
          <reporter-output>
          </reporter-output>
        </test-method> <!-- beforeMethod -->
        <test-method status="PASS" signature="test()[pri:0, instance:testNg.NewTest@61f8bee4]" name="test" duration-ms="30" started-at="2020-06-10T14:56:21 IST" finished-at="2020-06-10T14:56:21 IST">
          <reporter-output>
          </reporter-output>
        </test-method> <!-- test -->
        <test-method status="PASS" signature="afterMethod()[pri:0, instance:testNg.NewTest@61f8bee4]" name="afterMethod" is-config="true" duration-ms="1" started-at="2020-06-10T14:56:21 IST" finished-at="2020-06-10T14:56:21 IST">
          <reporter-output>
          </reporter-output>
        </test-method> <!-- afterMethod -->
        <test-method status="PASS" signature="afterClass()[pri:0, instance:testNg.NewTest@61f8bee4]" name="afterClass" is-config="true" duration-ms="1" started-at="2020-06-10T14:56:21 IST" finished-at="2020-06-10T14:56:21 IST">
          <reporter-output>
          </reporter-output>
        </test-method> <!-- afterClass -->
        <test-method status="PASS" signature="afterTest()[pri:0, instance:testNg.NewTest@61f8bee4]" name="afterTest" is-config="true" duration-ms="23" started-at="2020-06-10T14:56:21 IST" finished-at="2020-06-10T14:56:21 IST">
          <reporter-output>
          </reporter-output>
        </test-method> <!-- afterTest -->
        <test-method status="PASS" signature="afterSuite()[pri:0, instance:testNg.NewTest@61f8bee4]" name="afterSuite" is-config="true" duration-ms="1" started-at="2020-06-10T14:56:22 IST" finished-at="2020-06-10T14:56:22 IST">
          <reporter-output>
          </reporter-output>
        </test-method> <!-- afterSuite -->
      </class> <!-- testNg.NewTest -->
    </test> <!-- Default test -->
  </suite> <!-- Default suite -->
</testng-results>
