<?xml version="1.0" encoding="UTF-8"?>
<!-- Generated by org.testng.reporters.JUnitXMLReporter -->
<testsuite hostname="DESKTOP-95I46CV" ignored="3" tests="0" failures="0" timestamp="2020-06-09T23:25:26 IST" time="0.025" errors="0">
  <testcase name="openBing" time="0.0" classname="testNg.Paralleltesting">
    <ignored/>
  </testcase> <!-- openBing -->
  <testcase name="openYahoo" time="0.0" classname="testNg.Paralleltesting">
    <ignored/>
  </testcase> <!-- openYahoo -->
  <testcase name="openGoogle" time="0.0" classname="testNg.Paralleltesting">
    <ignored/>
  </testcase> <!-- openGoogle -->
</testsuite>
